<?xml version="1.0" encoding="UTF-8"?>
<!-- Generated by org.testng.reporters.JUnitReportReporter -->
<testsuite hostname="DESKTOP-868NQQQ" failures="0" tests="2" name="Day1.testng" time="0.045" errors="0" timestamp="2022-10-31T12:32:44 IST" skipped="0">
  <testcase classname="Day1.testng" name="test1" time="0.025"/>
  <system-out/>
  <testcase classname="Day1.testng" name="test2" time="0.020"/>
  <system-out/>
</testsuite> <!-- Day1.testng -->
